{"level":"info","message":"Server running on port 5000","timestamp":"2025-11-15 14:00:05"}
{"level":"info","message":"Environment: production","timestamp":"2025-11-15 14:00:05"}
{"level":"info","message":"Connected to MongoDB","timestamp":"2025-11-15 14:00:07"}
{"level":"info","message":"Encryption service initialized","timestamp":"2025-11-15 14:00:07"}
{"level":"info","message":"Quarantine service initialized","timestamp":"2025-11-15 14:00:07"}
{"level":"info","message":"Scheduled tasks configured","timestamp":"2025-11-15 14:00:07"}
{"level":"info","message":"All services initialized successfully","timestamp":"2025-11-15 14:00:07"}
{"level":"info","message":"Server running on port 5000","timestamp":"2025-11-15 14:34:07"}
{"level":"info","message":"Environment: production","timestamp":"2025-11-15 14:34:07"}
{"level":"info","message":"Socket.IO server initialized","timestamp":"2025-11-15 14:34:07"}
{"level":"info","message":"Connected to MongoDB","timestamp":"2025-11-15 14:34:09"}
{"level":"info","message":"Encryption service initialized","timestamp":"2025-11-15 14:34:09"}
{"level":"info","message":"Quarantine service initialized","timestamp":"2025-11-15 14:34:09"}
{"level":"info","message":"Scheduled tasks configured","timestamp":"2025-11-15 14:34:09"}
{"level":"info","message":"All services initialized successfully","timestamp":"2025-11-15 14:34:09"}
{"level":"info","message":"Server running on port 5000","timestamp":"2025-11-15 17:44:23"}
{"level":"info","message":"Environment: production","timestamp":"2025-11-15 17:44:23"}
{"level":"info","message":"Socket.IO server initialized","timestamp":"2025-11-15 17:44:23"}
{"level":"info","message":"Connected to MongoDB","timestamp":"2025-11-15 17:44:24"}
{"level":"info","message":"Encryption service initialized","timestamp":"2025-11-15 17:44:24"}
{"level":"info","message":"Quarantine service initialized","timestamp":"2025-11-15 17:44:24"}
{"level":"info","message":"Scheduled tasks configured","timestamp":"2025-11-15 17:44:24"}
{"level":"info","message":"All services initialized successfully","timestamp":"2025-11-15 17:44:24"}
{"level":"info","message":"Server running on port 5000","timestamp":"2025-11-15 18:14:03"}
{"level":"info","message":"Environment: production","timestamp":"2025-11-15 18:14:03"}
{"level":"info","message":"Socket.IO server initialized","timestamp":"2025-11-15 18:14:03"}
{"level":"info","message":"Connected to MongoDB","timestamp":"2025-11-15 18:14:04"}
{"level":"info","message":"Encryption service initialized","timestamp":"2025-11-15 18:14:04"}
{"level":"info","message":"Quarantine service initialized","timestamp":"2025-11-15 18:14:04"}
{"level":"info","message":"Scheduled tasks configured","timestamp":"2025-11-15 18:14:04"}
{"level":"info","message":"All services initialized successfully","timestamp":"2025-11-15 18:14:04"}
{"level":"info","message":"Server running on port 5000","timestamp":"2025-11-15 18:26:18"}
{"level":"info","message":"Environment: production","timestamp":"2025-11-15 18:26:18"}
{"level":"info","message":"Socket.IO server initialized","timestamp":"2025-11-15 18:26:18"}
{"level":"info","message":"Connected to MongoDB","timestamp":"2025-11-15 18:26:20"}
{"level":"info","message":"Encryption service initialized","timestamp":"2025-11-15 18:26:20"}
{"level":"info","message":"Quarantine service initialized","timestamp":"2025-11-15 18:26:20"}
{"level":"info","message":"Scheduled tasks configured","timestamp":"2025-11-15 18:26:20"}
{"level":"info","message":"All services initialized successfully","timestamp":"2025-11-15 18:26:20"}
{"level":"info","message":"Server running on port 5000","timestamp":"2025-11-15 18:55:16"}
{"level":"info","message":"Environment: production","timestamp":"2025-11-15 18:55:16"}
{"level":"info","message":"Socket.IO server initialized","timestamp":"2025-11-15 18:55:16"}
{"level":"info","message":"Connected to MongoDB","timestamp":"2025-11-15 18:55:17"}
{"level":"info","message":"Encryption service initialized","timestamp":"2025-11-15 18:55:17"}
{"level":"info","message":"Quarantine service initialized","timestamp":"2025-11-15 18:55:17"}
{"level":"info","message":"Scheduled tasks configured","timestamp":"2025-11-15 18:55:17"}
{"level":"info","message":"All services initialized successfully","timestamp":"2025-11-15 18:55:17"}
{"level":"info","message":"Server running on port 5000","timestamp":"2025-11-15 20:53:16"}
{"level":"info","message":"Environment: production","timestamp":"2025-11-15 20:53:16"}
{"level":"info","message":"Socket.IO server initialized","timestamp":"2025-11-15 20:53:16"}
{"level":"info","message":"Connected to MongoDB","timestamp":"2025-11-15 20:53:17"}
{"level":"info","message":"Encryption service initialized","timestamp":"2025-11-15 20:53:17"}
{"level":"info","message":"Quarantine service initialized","timestamp":"2025-11-15 20:53:17"}
{"level":"info","message":"Scheduled tasks configured","timestamp":"2025-11-15 20:53:17"}
{"level":"info","message":"All services initialized successfully","timestamp":"2025-11-15 20:53:17"}
{"level":"info","message":"Server running on port 5000","timestamp":"2025-11-15 21:36:07"}
{"level":"info","message":"Environment: production","timestamp":"2025-11-15 21:36:07"}
{"level":"info","message":"Socket.IO server initialized","timestamp":"2025-11-15 21:36:07"}
{"level":"info","message":"Connected to MongoDB","timestamp":"2025-11-15 21:36:08"}
{"level":"info","message":"Encryption service initialized","timestamp":"2025-11-15 21:36:08"}
{"level":"info","message":"Quarantine service initialized","timestamp":"2025-11-15 21:36:08"}
{"level":"info","message":"Scheduled tasks configured","timestamp":"2025-11-15 21:36:08"}
{"level":"info","message":"All services initialized successfully","timestamp":"2025-11-15 21:36:08"}
{"level":"info","message":"SIGINT received, shutting down gracefully","timestamp":"2025-11-15 21:36:31"}
{"level":"info","message":"Server running on port 5000","timestamp":"2025-11-15 23:18:49"}
{"level":"info","message":"Environment: production","timestamp":"2025-11-15 23:18:49"}
{"level":"info","message":"Socket.IO server initialized","timestamp":"2025-11-15 23:18:49"}
{"level":"info","message":"Connected to MongoDB","timestamp":"2025-11-15 23:18:50"}
{"level":"info","message":"Encryption service initialized","timestamp":"2025-11-15 23:18:50"}
{"level":"info","message":"Quarantine service initialized","timestamp":"2025-11-15 23:18:50"}
{"level":"info","message":"Scheduled tasks configured","timestamp":"2025-11-15 23:18:50"}
{"level":"info","message":"All services initialized successfully","timestamp":"2025-11-15 23:18:50"}
{"level":"info","message":"SIGINT received, shutting down gracefully","timestamp":"2025-11-15 23:19:14"}
{"level":"info","message":"Server running on port 5000","timestamp":"2025-11-15 23:29:56"}
{"level":"info","message":"Environment: production","timestamp":"2025-11-15 23:29:56"}
{"level":"info","message":"Socket.IO server initialized","timestamp":"2025-11-15 23:29:56"}
{"level":"info","message":"Connected to MongoDB","timestamp":"2025-11-15 23:29:57"}
{"level":"info","message":"Encryption service initialized","timestamp":"2025-11-15 23:29:57"}
{"level":"info","message":"Quarantine service initialized","timestamp":"2025-11-15 23:29:57"}
{"level":"info","message":"Scheduled tasks configured","timestamp":"2025-11-15 23:29:57"}
{"level":"info","message":"All services initialized successfully","timestamp":"2025-11-15 23:29:57"}
{"level":"info","message":"SIGINT received, shutting down gracefully","timestamp":"2025-11-15 23:30:19"}
{"level":"info","message":"Server running on port 5000","timestamp":"2025-11-15 23:41:28"}
{"level":"info","message":"Environment: production","timestamp":"2025-11-15 23:41:28"}
{"level":"info","message":"Socket.IO server initialized","timestamp":"2025-11-15 23:41:28"}
{"level":"info","message":"Connected to MongoDB","timestamp":"2025-11-15 23:41:29"}
{"level":"info","message":"Encryption service initialized","timestamp":"2025-11-15 23:41:29"}
{"level":"info","message":"Quarantine service initialized","timestamp":"2025-11-15 23:41:29"}
{"level":"info","message":"Scheduled tasks configured","timestamp":"2025-11-15 23:41:29"}
{"level":"info","message":"All services initialized successfully","timestamp":"2025-11-15 23:41:29"}
{"level":"info","message":"SIGINT received, shutting down gracefully","timestamp":"2025-11-15 23:49:39"}
{"level":"info","message":"Server running on port 5000","timestamp":"2025-11-15 23:53:38"}
{"level":"info","message":"Environment: production","timestamp":"2025-11-15 23:53:38"}
{"level":"info","message":"Socket.IO server initialized","timestamp":"2025-11-15 23:53:38"}
{"level":"info","message":"Connected to MongoDB","timestamp":"2025-11-15 23:53:39"}
{"level":"info","message":"Encryption service initialized","timestamp":"2025-11-15 23:53:39"}
{"level":"info","message":"Quarantine service initialized","timestamp":"2025-11-15 23:53:39"}
{"level":"info","message":"Scheduled tasks configured","timestamp":"2025-11-15 23:53:40"}
{"level":"info","message":"All services initialized successfully","timestamp":"2025-11-15 23:53:40"}
{"level":"info","message":"SIGINT received, shutting down gracefully","timestamp":"2025-11-15 23:58:14"}
